TN:
SF:C:\Users\tbest\Documents\Varsity\5th Year\Sem 1\COS301\SoftwareSharks\Application Source\ss-imagerec-webapp\src\polyfills.ts
FNF:0
FNH:0
DA:17,1
DA:42,1
DA:63,1
LF:3
LH:3
BRF:0
BRH:0
end_of_record
TN:
SF:C:\Users\tbest\Documents\Varsity\5th Year\Sem 1\COS301\SoftwareSharks\Application Source\ss-imagerec-webapp\src\test.ts
FNF:0
FNH:0
DA:3,1
DA:4,1
DA:5,1
DA:6,1
DA:8,1
DA:10,1
DA:12,1
LF:7
LH:7
BRF:0
BRH:0
end_of_record
TN:
SF:C:\Users\tbest\Documents\Varsity\5th Year\Sem 1\COS301\SoftwareSharks\Application Source\ss-imagerec-webapp\src\app\app.component.ts
FN:2,(anonymous_0)
FN:8,(anonymous_1)
FN:15,(anonymous_2)
FN:16,AppComponent
FN:20,(anonymous_4)
FN:21,(anonymous_5)
FN:25,(anonymous_6)
FN:26,(anonymous_7)
FNF:8
FNH:4
FNDA:1,(anonymous_0)
FNDA:1,(anonymous_1)
FNDA:1,(anonymous_2)
FNDA:2,AppComponent
FNDA:0,(anonymous_4)
FNDA:0,(anonymous_5)
FNDA:0,(anonymous_6)
FNDA:0,(anonymous_7)
DA:2,1
DA:3,1
DA:4,1
DA:5,2
DA:6,1
DA:8,1
DA:9,1
DA:11,1
DA:12,1
DA:13,1
DA:14,1
DA:15,1
DA:17,2
DA:18,2
DA:19,2
DA:20,2
DA:21,0
DA:22,0
DA:25,2
DA:26,0
DA:27,0
DA:31,1
DA:39,1
DA:41,1
LF:24
LH:20
BRDA:2,0,0,1
BRDA:2,0,1,1
BRDA:2,0,2,1
BRDA:3,1,0,1
BRDA:3,1,1,0
BRDA:3,2,0,0
BRDA:3,2,1,0
BRDA:4,3,0,0
BRDA:4,3,1,1
BRDA:4,4,0,1
BRDA:4,4,1,1
BRDA:5,5,0,2
BRDA:5,5,1,0
BRDA:5,6,0,2
BRDA:5,6,1,1
BRDA:5,7,0,2
BRDA:5,7,1,0
BRDA:5,8,0,0
BRDA:5,8,1,0
BRDA:6,9,0,1
BRDA:6,9,1,0
BRDA:6,9,2,0
BRDA:8,10,0,1
BRDA:8,10,1,1
BRDA:8,10,2,1
BRDA:9,11,0,1
BRDA:9,11,1,0
BRDA:9,12,0,1
BRDA:9,12,1,1
BRF:29
BRH:18
end_of_record
TN:
SF:C:\Users\tbest\Documents\Varsity\5th Year\Sem 1\COS301\SoftwareSharks\Application Source\ss-imagerec-webapp\src\app\material.module.ts
FN:2,(anonymous_0)
FN:15,(anonymous_1)
FN:16,MaterialModule
FNF:3
FNH:3
FNDA:1,(anonymous_0)
FNDA:1,(anonymous_1)
FNDA:33,MaterialModule
DA:2,1
DA:3,1
DA:4,1
DA:5,1
DA:6,1
DA:8,1
DA:9,1
DA:10,1
DA:11,1
DA:12,1
DA:13,1
DA:14,1
DA:15,1
DA:18,1
DA:48,1
DA:50,1
LF:16
LH:16
BRDA:2,0,0,1
BRDA:2,0,1,1
BRDA:2,0,2,1
BRDA:3,1,0,1
BRDA:3,1,1,0
BRDA:3,2,0,0
BRDA:3,2,1,0
BRDA:4,3,0,0
BRDA:4,3,1,1
BRDA:4,4,0,1
BRDA:4,4,1,1
BRDA:5,5,0,1
BRDA:5,5,1,0
BRDA:5,6,0,1
BRDA:5,6,1,0
BRDA:5,7,0,1
BRDA:5,7,1,0
BRDA:5,8,0,0
BRDA:5,8,1,0
BRDA:6,9,0,1
BRDA:6,9,1,0
BRDA:6,9,2,0
BRF:22
BRH:11
end_of_record
TN:
SF:C:\Users\tbest\Documents\Varsity\5th Year\Sem 1\COS301\SoftwareSharks\Application Source\ss-imagerec-webapp\src\app\contact-us\contact-us.component.ts
FN:18,(anonymous_0)
FN:24,(anonymous_1)
FN:33,(anonymous_2)
FN:38,ContactUsComponent
FN:67,(anonymous_4)
FN:68,(anonymous_5)
FN:74,(anonymous_6)
FN:79,(anonymous_7)
FN:88,(anonymous_8)
FN:101,(anonymous_9)
FN:118,(anonymous_10)
FN:124,(anonymous_11)
FNF:12
FNH:11
FNDA:1,(anonymous_0)
FNDA:1,(anonymous_1)
FNDA:1,(anonymous_2)
FNDA:8,ContactUsComponent
FNDA:8,(anonymous_4)
FNDA:57,(anonymous_5)
FNDA:8,(anonymous_6)
FNDA:16,(anonymous_7)
FNDA:1,(anonymous_8)
FNDA:1,(anonymous_9)
FNDA:1,(anonymous_10)
FNDA:0,(anonymous_11)
DA:18,1
DA:19,1
DA:20,1
DA:21,2
DA:22,1
DA:24,1
DA:25,1
DA:27,1
DA:28,1
DA:29,1
DA:30,1
DA:31,1
DA:32,1
DA:33,1
DA:39,8
DA:40,8
DA:41,8
DA:45,8
DA:49,8
DA:53,8
DA:57,8
DA:61,8
DA:66,8
DA:67,8
DA:68,8
DA:69,57
DA:72,8
DA:74,1
DA:79,1
DA:81,16
DA:88,1
DA:89,1
DA:90,1
DA:91,1
DA:92,1
DA:94,1
DA:99,1
DA:100,1
DA:101,1
DA:102,1
DA:103,1
DA:104,1
DA:105,1
DA:106,1
DA:107,1
DA:110,0
DA:111,0
DA:118,1
DA:119,1
DA:120,1
DA:121,1
DA:122,1
DA:123,1
DA:124,1
DA:125,0
DA:127,1
DA:128,1
DA:129,1
DA:133,1
DA:141,1
DA:143,1
LF:61
LH:58
BRDA:18,0,0,1
BRDA:18,0,1,1
BRDA:18,0,2,1
BRDA:19,1,0,1
BRDA:19,1,1,0
BRDA:19,2,0,0
BRDA:19,2,1,0
BRDA:20,3,0,0
BRDA:20,3,1,1
BRDA:20,4,0,1
BRDA:20,4,1,1
BRDA:21,5,0,2
BRDA:21,5,1,0
BRDA:21,6,0,2
BRDA:21,6,1,1
BRDA:21,7,0,2
BRDA:21,7,1,0
BRDA:21,8,0,0
BRDA:21,8,1,0
BRDA:22,9,0,1
BRDA:22,9,1,0
BRDA:22,9,2,0
BRDA:24,10,0,1
BRDA:24,10,1,1
BRDA:24,10,2,1
BRDA:25,11,0,1
BRDA:25,11,1,0
BRDA:25,12,0,1
BRDA:25,12,1,1
BRDA:81,13,0,16
BRDA:81,13,1,0
BRDA:82,14,0,0
BRDA:82,14,1,0
BRDA:105,15,0,1
BRDA:105,15,1,0
BRF:35
BRH:20
end_of_record
TN:
SF:C:\Users\tbest\Documents\Varsity\5th Year\Sem 1\COS301\SoftwareSharks\Application Source\ss-imagerec-webapp\src\app\feedback\feedback.component.ts
FN:18,(anonymous_0)
FN:24,(anonymous_1)
FN:31,(anonymous_2)
FN:37,FeedbackComponent
FN:81,(anonymous_4)
FN:87,(anonymous_5)
FN:90,(anonymous_6)
FN:105,(anonymous_7)
FNF:8
FNH:6
FNDA:1,(anonymous_0)
FNDA:1,(anonymous_1)
FNDA:1,(anonymous_2)
FNDA:7,FeedbackComponent
FNDA:5,(anonymous_4)
FNDA:0,(anonymous_5)
FNDA:0,(anonymous_6)
FNDA:1,(anonymous_7)
DA:18,1
DA:19,1
DA:20,1
DA:21,2
DA:22,1
DA:24,1
DA:25,1
DA:27,1
DA:28,1
DA:29,1
DA:30,1
DA:31,1
DA:38,7
DA:39,7
DA:43,7
DA:51,7
DA:55,7
DA:59,7
DA:63,7
DA:64,7
DA:76,7
DA:81,1
DA:87,1
DA:88,0
DA:89,0
DA:90,0
DA:91,0
DA:92,0
DA:95,0
DA:97,0
DA:105,1
DA:106,1
DA:108,1
DA:114,1
DA:122,1
DA:124,1
LF:36
LH:29
BRDA:18,0,0,1
BRDA:18,0,1,1
BRDA:18,0,2,1
BRDA:19,1,0,1
BRDA:19,1,1,0
BRDA:19,2,0,0
BRDA:19,2,1,0
BRDA:20,3,0,0
BRDA:20,3,1,1
BRDA:20,4,0,1
BRDA:20,4,1,1
BRDA:21,5,0,2
BRDA:21,5,1,0
BRDA:21,6,0,2
BRDA:21,6,1,1
BRDA:21,7,0,2
BRDA:21,7,1,0
BRDA:21,8,0,0
BRDA:21,8,1,0
BRDA:22,9,0,1
BRDA:22,9,1,0
BRDA:22,9,2,0
BRDA:24,10,0,1
BRDA:24,10,1,1
BRDA:24,10,2,1
BRDA:25,11,0,1
BRDA:25,11,1,0
BRDA:25,12,0,1
BRDA:25,12,1,1
BRDA:91,13,0,0
BRDA:91,13,1,0
BRF:31
BRH:18
end_of_record
TN:
SF:C:\Users\tbest\Documents\Varsity\5th Year\Sem 1\COS301\SoftwareSharks\Application Source\ss-imagerec-webapp\src\app\home\home.component.ts
FN:15,(anonymous_0)
FN:21,(anonymous_1)
FN:43,(anonymous_2)
FN:47,HomeComponent
FN:53,(anonymous_4)
FNF:5
FNH:5
FNDA:1,(anonymous_0)
FNDA:1,(anonymous_1)
FNDA:1,(anonymous_2)
FNDA:1,HomeComponent
FNDA:1,(anonymous_4)
DA:15,1
DA:16,1
DA:17,1
DA:18,2
DA:19,1
DA:21,1
DA:22,1
DA:24,1
DA:41,1
DA:42,1
DA:43,1
DA:48,1
DA:53,1
DA:54,1
DA:55,1
DA:57,1
DA:66,1
DA:68,1
LF:18
LH:18
BRDA:15,0,0,1
BRDA:15,0,1,1
BRDA:15,0,2,1
BRDA:16,1,0,1
BRDA:16,1,1,0
BRDA:16,2,0,0
BRDA:16,2,1,0
BRDA:17,3,0,0
BRDA:17,3,1,1
BRDA:17,4,0,1
BRDA:17,4,1,1
BRDA:18,5,0,2
BRDA:18,5,1,0
BRDA:18,6,0,2
BRDA:18,6,1,1
BRDA:18,7,0,2
BRDA:18,7,1,0
BRDA:18,8,0,0
BRDA:18,8,1,0
BRDA:19,9,0,1
BRDA:19,9,1,0
BRDA:19,9,2,0
BRDA:21,10,0,1
BRDA:21,10,1,1
BRDA:21,10,2,1
BRDA:22,11,0,1
BRDA:22,11,1,0
BRDA:22,12,0,1
BRDA:22,12,1,1
BRF:29
BRH:18
end_of_record
TN:
SF:C:\Users\tbest\Documents\Varsity\5th Year\Sem 1\COS301\SoftwareSharks\Application Source\ss-imagerec-webapp\src\app\imageupload\imageupload.component.ts
FN:21,(anonymous_0)
FN:27,(anonymous_1)
FN:30,(anonymous_2)
FN:31,(anonymous_3)
FN:32,fulfilled
FN:33,rejected
FN:34,step
FN:34,(anonymous_7)
FN:38,(anonymous_8)
FN:39,(anonymous_9)
FN:40,(anonymous_10)
FN:41,verb
FN:41,(anonymous_12)
FN:42,step
FN:74,(anonymous_14)
FN:79,ImageuploadComponent
FN:148,(anonymous_16)
FN:151,(anonymous_17)
FN:164,(anonymous_18)
FN:205,(anonymous_19)
FN:223,(anonymous_20)
FN:239,(anonymous_21)
FN:263,(anonymous_22)
FN:267,(anonymous_23)
FN:294,(anonymous_24)
FN:298,(anonymous_25)
FN:302,(anonymous_26)
FN:305,(anonymous_27)
FN:315,(anonymous_28)
FN:337,(anonymous_29)
FN:355,(anonymous_30)
FN:358,(anonymous_31)
FN:364,(anonymous_32)
FN:377,(anonymous_33)
FN:386,(anonymous_34)
FN:392,(anonymous_35)
FN:404,(anonymous_36)
FN:417,(anonymous_37)
FN:418,(anonymous_38)
FN:420,(anonymous_39)
FNF:40
FNH:17
FNDA:1,(anonymous_0)
FNDA:1,(anonymous_1)
FNDA:0,(anonymous_2)
FNDA:0,(anonymous_3)
FNDA:0,fulfilled
FNDA:0,rejected
FNDA:0,step
FNDA:0,(anonymous_7)
FNDA:0,(anonymous_8)
FNDA:0,(anonymous_9)
FNDA:0,(anonymous_10)
FNDA:0,verb
FNDA:0,(anonymous_12)
FNDA:0,step
FNDA:1,(anonymous_14)
FNDA:12,ImageuploadComponent
FNDA:12,(anonymous_16)
FNDA:74,(anonymous_17)
FNDA:1,(anonymous_18)
FNDA:8,(anonymous_19)
FNDA:3,(anonymous_20)
FNDA:4,(anonymous_21)
FNDA:0,(anonymous_22)
FNDA:0,(anonymous_23)
FNDA:4,(anonymous_24)
FNDA:0,(anonymous_25)
FNDA:0,(anonymous_26)
FNDA:0,(anonymous_27)
FNDA:0,(anonymous_28)
FNDA:3,(anonymous_29)
FNDA:1,(anonymous_30)
FNDA:1,(anonymous_31)
FNDA:0,(anonymous_32)
FNDA:1,(anonymous_33)
FNDA:1,(anonymous_34)
FNDA:3,(anonymous_35)
FNDA:0,(anonymous_36)
FNDA:0,(anonymous_37)
FNDA:0,(anonymous_38)
FNDA:0,(anonymous_39)
DA:21,1
DA:22,1
DA:23,1
DA:24,2
DA:25,1
DA:27,1
DA:28,1
DA:30,1
DA:31,0
DA:32,0
DA:33,0
DA:34,0
DA:35,0
DA:38,1
DA:39,0
DA:40,0
DA:41,0
DA:43,0
DA:44,0
DA:45,0
DA:46,0
DA:47,0
DA:48,0
DA:49,0
DA:50,0
DA:51,0
DA:53,0
DA:54,0
DA:55,0
DA:56,0
DA:57,0
DA:58,0
DA:60,0
DA:61,0
DA:62,0
DA:65,1
DA:69,1
DA:70,1
DA:71,1
DA:72,1
DA:74,1
DA:80,12
DA:81,12
DA:85,12
DA:89,12
DA:93,12
DA:97,12
DA:98,12
DA:99,12
DA:100,12
DA:104,12
DA:108,12
DA:112,12
DA:116,12
DA:120,12
DA:125,12
DA:129,12
DA:133,12
DA:137,12
DA:141,12
DA:148,1
DA:149,12
DA:150,12
DA:151,12
DA:152,74
DA:153,0
DA:154,0
DA:155,0
DA:164,1
DA:165,1
DA:166,1
DA:167,1
DA:168,1
DA:169,1
DA:170,1
DA:171,1
DA:172,1
DA:174,1
DA:175,1
DA:176,1
DA:177,1
DA:178,1
DA:179,1
DA:180,1
DA:181,1
DA:184,0
DA:185,0
DA:186,0
DA:187,0
DA:188,0
DA:189,0
DA:190,0
DA:191,0
DA:192,0
DA:193,0
DA:194,0
DA:195,0
DA:196,0
DA:197,0
DA:198,0
DA:199,0
DA:205,1
DA:206,8
DA:207,4
DA:210,4
DA:211,1
DA:214,3
DA:223,1
DA:224,3
DA:225,1
DA:227,2
DA:228,1
DA:230,1
DA:231,1
DA:239,1
DA:240,4
DA:241,4
DA:242,4
DA:243,4
DA:244,4
DA:245,8
DA:247,4
DA:248,4
DA:250,4
DA:251,4
DA:252,4
DA:253,4
DA:255,4
DA:256,4
DA:257,4
DA:258,4
DA:259,4
DA:260,4
DA:261,4
DA:262,4
DA:263,4
DA:264,0
DA:265,0
DA:267,4
DA:268,0
DA:269,0
DA:271,4
DA:273,4
DA:274,4
DA:275,4
DA:277,4
DA:278,4
DA:279,3
DA:280,3
DA:281,3
DA:282,3
DA:283,3
DA:284,3
DA:285,3
DA:294,1
DA:295,4
DA:296,4
DA:297,4
DA:299,0
DA:300,0
DA:303,0
DA:305,3
DA:306,0
DA:307,0
DA:308,0
DA:309,0
DA:310,0
DA:311,0
DA:312,0
DA:315,3
DA:316,0
DA:317,0
DA:318,0
DA:319,0
DA:320,0
DA:321,0
DA:322,0
DA:323,0
DA:324,0
DA:330,3
DA:337,1
DA:338,3
DA:339,3
DA:340,3
DA:341,3
DA:342,3
DA:343,3
DA:355,1
DA:356,1
DA:358,1
DA:359,1
DA:360,1
DA:362,1
DA:363,1
DA:365,0
DA:366,0
DA:367,0
DA:368,0
DA:369,0
DA:372,0
DA:374,0
DA:375,0
DA:378,1
DA:379,1
DA:386,1
DA:387,1
DA:388,1
DA:389,1
DA:390,1
DA:391,1
DA:392,1
DA:393,3
DA:394,0
DA:395,0
DA:396,0
DA:404,1
DA:405,0
DA:406,0
DA:407,0
DA:410,0
DA:411,0
DA:412,0
DA:417,1
DA:418,0
DA:420,0
DA:421,0
DA:422,0
DA:423,0
DA:427,1
DA:435,1
DA:437,1
LF:231
LH:141
BRDA:21,0,0,1
BRDA:21,0,1,1
BRDA:21,0,2,1
BRDA:22,1,0,1
BRDA:22,1,1,0
BRDA:22,2,0,0
BRDA:22,2,1,0
BRDA:23,3,0,0
BRDA:23,3,1,1
BRDA:23,4,0,1
BRDA:23,4,1,1
BRDA:24,5,0,2
BRDA:24,5,1,0
BRDA:24,6,0,2
BRDA:24,6,1,1
BRDA:24,7,0,2
BRDA:24,7,1,0
BRDA:24,8,0,0
BRDA:24,8,1,0
BRDA:25,9,0,1
BRDA:25,9,1,0
BRDA:25,9,2,0
BRDA:27,10,0,1
BRDA:27,10,1,1
BRDA:27,10,2,1
BRDA:28,11,0,1
BRDA:28,11,1,0
BRDA:28,12,0,1
BRDA:28,12,1,1
BRDA:30,13,0,1
BRDA:30,13,1,1
BRDA:30,13,2,1
BRDA:31,14,0,0
BRDA:31,14,1,0
BRDA:34,15,0,0
BRDA:34,15,1,0
BRDA:35,16,0,0
BRDA:35,16,1,0
BRDA:38,17,0,1
BRDA:38,17,1,1
BRDA:38,17,2,1
BRDA:39,18,0,0
BRDA:39,18,1,0
BRDA:40,19,0,0
BRDA:40,19,1,0
BRDA:43,20,0,0
BRDA:43,20,1,0
BRDA:45,21,0,0
BRDA:45,21,1,0
BRDA:45,22,0,0
BRDA:45,22,1,0
BRDA:45,22,2,0
BRDA:45,23,0,0
BRDA:45,23,1,0
BRDA:45,24,0,0
BRDA:45,24,1,0
BRDA:46,25,0,0
BRDA:46,25,1,0
BRDA:47,26,0,0
BRDA:47,26,1,0
BRDA:47,26,2,0
BRDA:47,26,3,0
BRDA:47,26,4,0
BRDA:47,26,5,0
BRDA:53,27,0,0
BRDA:53,27,1,0
BRDA:53,28,0,0
BRDA:53,28,1,0
BRDA:53,28,2,0
BRDA:53,29,0,0
BRDA:53,29,1,0
BRDA:54,30,0,0
BRDA:54,30,1,0
BRDA:54,31,0,0
BRDA:54,31,1,0
BRDA:54,31,2,0
BRDA:54,31,3,0
BRDA:55,32,0,0
BRDA:55,32,1,0
BRDA:55,33,0,0
BRDA:55,33,1,0
BRDA:56,34,0,0
BRDA:56,34,1,0
BRDA:56,35,0,0
BRDA:56,35,1,0
BRDA:57,36,0,0
BRDA:57,36,1,0
BRDA:62,37,0,0
BRDA:62,37,1,0
BRDA:62,38,0,0
BRDA:62,38,1,0
BRDA:152,39,0,0
BRDA:152,39,1,74
BRDA:174,40,0,1
BRDA:174,40,1,0
BRDA:206,41,0,4
BRDA:206,41,1,4
BRDA:210,42,0,1
BRDA:210,42,1,3
BRDA:224,43,0,1
BRDA:224,43,1,2
BRDA:227,44,0,1
BRDA:227,44,1,1
BRDA:230,45,0,1
BRDA:230,45,1,0
BRDA:306,46,0,0
BRDA:306,46,1,0
BRDA:318,47,0,0
BRDA:318,47,1,0
BRDA:318,48,0,0
BRDA:318,48,1,0
BRDA:368,49,0,0
BRDA:368,49,1,0
BRDA:393,50,0,0
BRDA:393,50,1,3
BRF:115
BRH:36
end_of_record
TN:
SF:C:\Users\tbest\Documents\Varsity\5th Year\Sem 1\COS301\SoftwareSharks\Application Source\ss-imagerec-webapp\src\app\model\model-loader.service.ts
FN:18,(anonymous_0)
FN:24,(anonymous_1)
FN:27,(anonymous_2)
FN:28,(anonymous_3)
FN:29,fulfilled
FN:30,rejected
FN:31,step
FN:31,(anonymous_7)
FN:35,(anonymous_8)
FN:36,(anonymous_9)
FN:37,(anonymous_10)
FN:38,verb
FN:38,(anonymous_12)
FN:39,step
FN:68,(anonymous_14)
FN:72,ModelLoaderService
FN:124,(anonymous_16)
FN:125,(anonymous_17)
FN:127,(anonymous_18)
FN:156,(anonymous_19)
FN:170,(anonymous_20)
FN:183,(anonymous_21)
FN:184,(anonymous_22)
FN:187,(anonymous_23)
FN:190,(anonymous_24)
FN:215,(anonymous_25)
FN:230,(anonymous_26)
FN:263,(anonymous_27)
FN:264,(anonymous_28)
FN:272,(anonymous_29)
FN:280,(anonymous_30)
FN:282,(anonymous_31)
FNF:32
FNH:25
FNDA:1,(anonymous_0)
FNDA:1,(anonymous_1)
FNDA:19,(anonymous_2)
FNDA:19,(anonymous_3)
FNDA:0,fulfilled
FNDA:0,rejected
FNDA:15,step
FNDA:15,(anonymous_7)
FNDA:19,(anonymous_8)
FNDA:0,(anonymous_9)
FNDA:0,(anonymous_10)
FNDA:57,verb
FNDA:19,(anonymous_12)
FNDA:19,step
FNDA:1,(anonymous_14)
FNDA:21,ModelLoaderService
FNDA:15,(anonymous_16)
FNDA:15,(anonymous_17)
FNDA:30,(anonymous_18)
FNDA:114,(anonymous_19)
FNDA:4,(anonymous_20)
FNDA:4,(anonymous_21)
FNDA:4,(anonymous_22)
FNDA:4,(anonymous_23)
FNDA:4,(anonymous_24)
FNDA:0,(anonymous_25)
FNDA:2,(anonymous_26)
FNDA:1,(anonymous_27)
FNDA:0,(anonymous_28)
FNDA:2,(anonymous_29)
FNDA:1,(anonymous_30)
FNDA:0,(anonymous_31)
DA:18,1
DA:19,1
DA:20,1
DA:21,2
DA:22,1
DA:24,1
DA:25,1
DA:27,1
DA:28,19
DA:29,0
DA:30,0
DA:31,15
DA:32,19
DA:35,1
DA:36,19
DA:37,19
DA:38,57
DA:40,19
DA:41,53
DA:42,53
DA:43,53
DA:44,53
DA:45,19
DA:46,15
DA:47,0
DA:48,0
DA:50,19
DA:51,15
DA:52,0
DA:53,0
DA:54,0
DA:55,0
DA:57,34
DA:58,53
DA:59,4
DA:62,1
DA:66,1
DA:67,1
DA:68,1
DA:76,21
DA:82,21
DA:108,21
DA:112,21
DA:113,21
DA:114,0
DA:117,21
DA:124,1
DA:125,15
DA:127,15
DA:128,30
DA:130,15
DA:131,0
DA:132,0
DA:134,15
DA:135,15
DA:136,15
DA:138,0
DA:140,0
DA:141,0
DA:142,0
DA:144,0
DA:145,0
DA:146,0
DA:147,0
DA:156,1
DA:157,114
DA:158,114
DA:159,114
DA:162,0
DA:170,1
DA:171,4
DA:172,2
DA:173,2
DA:175,2
DA:176,2
DA:183,1
DA:184,4
DA:185,4
DA:187,4
DA:188,4
DA:190,4
DA:191,4
DA:192,0
DA:194,0
DA:195,0
DA:196,0
DA:197,0
DA:198,0
DA:200,0
DA:202,0
DA:204,0
DA:215,1
DA:216,0
DA:217,0
DA:218,0
DA:219,0
DA:220,0
DA:221,0
DA:230,1
DA:231,2
DA:232,2
DA:233,2
DA:234,2
DA:235,2
DA:236,2
DA:238,0
DA:240,0
DA:241,0
DA:242,0
DA:246,0
DA:247,0
DA:248,0
DA:249,0
DA:250,0
DA:251,0
DA:252,0
DA:256,2
DA:257,2
DA:258,2
DA:263,1
DA:264,1
DA:265,0
DA:272,1
DA:273,2
DA:280,1
DA:281,1
DA:282,1
DA:283,0
DA:284,0
DA:285,0
DA:286,0
DA:290,1
DA:296,1
DA:298,1
LF:134
LH:83
BRDA:18,0,0,1
BRDA:18,0,1,1
BRDA:18,0,2,1
BRDA:19,1,0,1
BRDA:19,1,1,0
BRDA:19,2,0,0
BRDA:19,2,1,0
BRDA:20,3,0,0
BRDA:20,3,1,1
BRDA:20,4,0,1
BRDA:20,4,1,1
BRDA:21,5,0,2
BRDA:21,5,1,0
BRDA:21,6,0,2
BRDA:21,6,1,1
BRDA:21,7,0,2
BRDA:21,7,1,0
BRDA:21,8,0,0
BRDA:21,8,1,0
BRDA:22,9,0,1
BRDA:22,9,1,0
BRDA:22,9,2,0
BRDA:24,10,0,1
BRDA:24,10,1,1
BRDA:24,10,2,1
BRDA:25,11,0,1
BRDA:25,11,1,0
BRDA:25,12,0,1
BRDA:25,12,1,1
BRDA:27,13,0,1
BRDA:27,13,1,1
BRDA:27,13,2,1
BRDA:28,14,0,19
BRDA:28,14,1,19
BRDA:31,15,0,0
BRDA:31,15,1,15
BRDA:32,16,0,19
BRDA:32,16,1,19
BRDA:35,17,0,1
BRDA:35,17,1,1
BRDA:35,17,2,1
BRDA:36,18,0,0
BRDA:36,18,1,0
BRDA:37,19,0,19
BRDA:37,19,1,19
BRDA:40,20,0,0
BRDA:40,20,1,19
BRDA:42,21,0,0
BRDA:42,21,1,53
BRDA:42,22,0,53
BRDA:42,22,1,0
BRDA:42,22,2,0
BRDA:42,23,0,0
BRDA:42,23,1,0
BRDA:42,24,0,0
BRDA:42,24,1,0
BRDA:43,25,0,0
BRDA:43,25,1,53
BRDA:44,26,0,19
BRDA:44,26,1,19
BRDA:44,26,2,15
BRDA:44,26,3,0
BRDA:44,26,4,0
BRDA:44,26,5,19
BRDA:50,27,0,4
BRDA:50,27,1,15
BRDA:50,28,0,19
BRDA:50,28,1,19
BRDA:50,28,2,15
BRDA:50,29,0,19
BRDA:50,29,1,0
BRDA:51,30,0,15
BRDA:51,30,1,0
BRDA:51,31,0,15
BRDA:51,31,1,15
BRDA:51,31,2,0
BRDA:51,31,3,0
BRDA:52,32,0,0
BRDA:52,32,1,0
BRDA:52,33,0,0
BRDA:52,33,1,0
BRDA:53,34,0,0
BRDA:53,34,1,0
BRDA:53,35,0,0
BRDA:53,35,1,0
BRDA:54,36,0,0
BRDA:54,36,1,0
BRDA:59,37,0,4
BRDA:59,37,1,0
BRDA:59,38,0,0
BRDA:59,38,1,0
BRDA:113,39,0,0
BRDA:113,39,1,21
BRDA:128,40,0,15
BRDA:128,40,1,15
BRDA:128,40,2,0
BRDA:128,40,3,0
BRDA:128,40,4,0
BRDA:130,41,0,15
BRDA:130,41,1,0
BRDA:158,42,0,114
BRDA:158,42,1,0
BRDA:171,43,0,2
BRDA:171,43,1,2
BRDA:188,44,0,4
BRDA:188,44,1,0
BRDA:238,45,0,0
BRDA:238,45,1,0
BRDA:251,46,0,0
BRDA:251,46,1,0
BRDA:285,47,0,0
BRDA:285,47,1,0
BRF:112
BRH:57
end_of_record
TN:
SF:C:\Users\tbest\Documents\Varsity\5th Year\Sem 1\COS301\SoftwareSharks\Application Source\ss-imagerec-webapp\src\app\quotebuilder\quote-builder.service.ts
FN:2,(anonymous_0)
FN:8,(anonymous_1)
FN:13,(anonymous_2)
FN:17,QuoteBuilderService
FN:32,(anonymous_4)
FN:43,(anonymous_5)
FN:49,(anonymous_6)
FN:55,(anonymous_7)
FNF:8
FNH:8
FNDA:1,(anonymous_0)
FNDA:1,(anonymous_1)
FNDA:1,(anonymous_2)
FNDA:14,QuoteBuilderService
FNDA:3,(anonymous_4)
FNDA:1,(anonymous_5)
FNDA:58,(anonymous_6)
FNDA:2,(anonymous_7)
DA:2,1
DA:3,1
DA:4,1
DA:5,2
DA:6,1
DA:8,1
DA:9,1
DA:11,1
DA:12,1
DA:13,1
DA:21,14
DA:25,14
DA:32,1
DA:33,3
DA:37,3
DA:38,3
DA:43,1
DA:44,1
DA:49,1
DA:50,58
DA:55,1
DA:56,2
DA:58,1
DA:64,1
DA:66,1
LF:25
LH:25
BRDA:2,0,0,1
BRDA:2,0,1,1
BRDA:2,0,2,1
BRDA:3,1,0,1
BRDA:3,1,1,0
BRDA:3,2,0,0
BRDA:3,2,1,0
BRDA:4,3,0,0
BRDA:4,3,1,1
BRDA:4,4,0,1
BRDA:4,4,1,1
BRDA:5,5,0,2
BRDA:5,5,1,0
BRDA:5,6,0,2
BRDA:5,6,1,1
BRDA:5,7,0,2
BRDA:5,7,1,0
BRDA:5,8,0,0
BRDA:5,8,1,0
BRDA:6,9,0,1
BRDA:6,9,1,0
BRDA:6,9,2,0
BRDA:8,10,0,1
BRDA:8,10,1,1
BRDA:8,10,2,1
BRDA:9,11,0,1
BRDA:9,11,1,0
BRDA:9,12,0,1
BRDA:9,12,1,1
BRF:29
BRH:18
end_of_record
TN:
SF:C:\Users\tbest\Documents\Varsity\5th Year\Sem 1\COS301\SoftwareSharks\Application Source\ss-imagerec-webapp\src\app\quotebuilder\quote-dialog.component.ts
FN:18,(anonymous_0)
FN:24,(anonymous_1)
FN:27,(anonymous_2)
FN:28,(anonymous_3)
FN:36,(anonymous_4)
FN:38,QuoteDialogComponent
FN:48,(anonymous_6)
FN:60,(anonymous_7)
FN:72,(anonymous_8)
FN:80,(anonymous_9)
FNF:10
FNH:5
FNDA:1,(anonymous_0)
FNDA:1,(anonymous_1)
FNDA:1,(anonymous_2)
FNDA:1,(anonymous_3)
FNDA:1,(anonymous_4)
FNDA:0,QuoteDialogComponent
FNDA:0,(anonymous_6)
FNDA:0,(anonymous_7)
FNDA:0,(anonymous_8)
FNDA:0,(anonymous_9)
DA:18,1
DA:19,1
DA:20,1
DA:21,3
DA:22,1
DA:24,1
DA:25,1
DA:27,1
DA:28,1
DA:30,1
DA:31,1
DA:32,1
DA:33,1
DA:34,1
DA:35,1
DA:36,1
DA:39,0
DA:40,0
DA:41,0
DA:42,0
DA:43,0
DA:48,1
DA:49,0
DA:60,1
DA:61,0
DA:62,0
DA:63,0
DA:65,0
DA:66,0
DA:72,1
DA:73,0
DA:80,1
DA:81,0
DA:83,1
DA:92,1
DA:94,1
LF:36
LH:23
BRDA:18,0,0,1
BRDA:18,0,1,1
BRDA:18,0,2,1
BRDA:19,1,0,1
BRDA:19,1,1,0
BRDA:19,2,0,0
BRDA:19,2,1,0
BRDA:20,3,0,0
BRDA:20,3,1,1
BRDA:20,4,0,1
BRDA:20,4,1,1
BRDA:21,5,0,3
BRDA:21,5,1,0
BRDA:21,6,0,3
BRDA:21,6,1,2
BRDA:21,7,0,3
BRDA:21,7,1,0
BRDA:21,8,0,0
BRDA:21,8,1,0
BRDA:22,9,0,1
BRDA:22,9,1,0
BRDA:22,9,2,0
BRDA:24,10,0,1
BRDA:24,10,1,1
BRDA:24,10,2,1
BRDA:25,11,0,1
BRDA:25,11,1,0
BRDA:25,12,0,1
BRDA:25,12,1,1
BRDA:27,13,0,1
BRDA:27,13,1,1
BRDA:27,13,2,1
BRF:32
BRH:21
end_of_record
TN:
SF:C:\Users\tbest\Documents\Varsity\5th Year\Sem 1\COS301\SoftwareSharks\Application Source\ss-imagerec-webapp\src\app\utilities\utilities.component.ts
FN:18,(anonymous_0)
FN:24,(anonymous_1)
FN:29,(anonymous_2)
FN:33,UtilitiesComponent
FN:56,(anonymous_4)
FN:72,(anonymous_5)
FNF:6
FNH:6
FNDA:1,(anonymous_0)
FNDA:1,(anonymous_1)
FNDA:1,(anonymous_2)
FNDA:5,UtilitiesComponent
FNDA:14,(anonymous_4)
FNDA:5,(anonymous_5)
DA:18,1
DA:19,1
DA:20,1
DA:21,2
DA:22,1
DA:24,1
DA:25,1
DA:27,1
DA:28,1
DA:29,1
DA:34,5
DA:40,5
DA:44,5
DA:48,5
DA:55,5
DA:56,5
DA:57,14
DA:58,1
DA:60,13
DA:61,1
DA:63,12
DA:64,1
DA:66,11
DA:72,1
DA:74,1
DA:82,1
DA:84,1
LF:27
LH:27
BRDA:18,0,0,1
BRDA:18,0,1,1
BRDA:18,0,2,1
BRDA:19,1,0,1
BRDA:19,1,1,0
BRDA:19,2,0,0
BRDA:19,2,1,0
BRDA:20,3,0,0
BRDA:20,3,1,1
BRDA:20,4,0,1
BRDA:20,4,1,1
BRDA:21,5,0,2
BRDA:21,5,1,0
BRDA:21,6,0,2
BRDA:21,6,1,1
BRDA:21,7,0,2
BRDA:21,7,1,0
BRDA:21,8,0,0
BRDA:21,8,1,0
BRDA:22,9,0,1
BRDA:22,9,1,0
BRDA:22,9,2,0
BRDA:24,10,0,1
BRDA:24,10,1,1
BRDA:24,10,2,1
BRDA:25,11,0,1
BRDA:25,11,1,0
BRDA:25,12,0,1
BRDA:25,12,1,1
BRDA:57,13,0,1
BRDA:57,13,1,13
BRDA:60,14,0,1
BRDA:60,14,1,12
BRDA:60,15,0,13
BRDA:60,15,1,13
BRDA:60,15,2,13
BRDA:63,16,0,1
BRDA:63,16,1,11
BRDA:63,17,0,12
BRDA:63,17,1,12
BRDA:63,17,2,12
BRF:41
BRH:30
end_of_record
