TN:
SF:C:/Users/tbest/Documents/Varsity/5th Year/Sem 1/COS301/SoftwareSharks/Application Source/ss-imagerec-webapp/src/polyfills.ts
FNF:0
FNH:0
DA:46,1
DA:73,1
LF:2
LH:2
BRF:0
BRH:0
end_of_record
TN:
SF:C:/Users/tbest/Documents/Varsity/5th Year/Sem 1/COS301/SoftwareSharks/Application Source/ss-imagerec-webapp/src/test.ts
FNF:0
FNH:0
DA:3,1
DA:4,1
DA:5,1
DA:13,1
DA:18,1
DA:20,1
LF:6
LH:6
BRF:0
BRH:0
end_of_record
TN:
SF:C:/Users/tbest/Documents/Varsity/5th Year/Sem 1/COS301/SoftwareSharks/Application Source/ss-imagerec-webapp/src/app/app.component.ts
FN:10,(anonymous_2)
FN:23,AppComponent
FN:12,(anonymous_4)
FN:13,(anonymous_5)
FN:17,(anonymous_6)
FN:18,(anonymous_7)
FNF:6
FNH:2
FNDA:1,(anonymous_2)
FNDA:2,AppComponent
FNDA:0,(anonymous_4)
FNDA:0,(anonymous_5)
FNDA:0,(anonymous_6)
FNDA:0,(anonymous_7)
DA:1,1
DA:2,1
DA:3,1
DA:10,1
DA:11,2
DA:12,2
DA:13,0
DA:14,0
DA:17,2
DA:18,0
DA:19,0
DA:23,2
DA:25,1
LF:13
LH:9
BRF:0
BRH:0
end_of_record
TN:
SF:C:/Users/tbest/Documents/Varsity/5th Year/Sem 1/COS301/SoftwareSharks/Application Source/ss-imagerec-webapp/src/app/material.module.ts
FN:36,(anonymous_1)
FNF:1
FNH:1
FNDA:34,(anonymous_1)
DA:1,1
DA:2,1
DA:3,1
DA:4,1
DA:5,1
DA:6,1
DA:36,1
LF:7
LH:7
BRF:0
BRH:0
end_of_record
TN:
SF:C:/Users/tbest/Documents/Varsity/5th Year/Sem 1/COS301/SoftwareSharks/Application Source/ss-imagerec-webapp/src/app/contact-us/contact-us.component.ts
FN:29,(anonymous_2)
FN:73,ContactUsComponent
FN:62,(anonymous_4)
FN:63,(anonymous_5)
FN:75,(anonymous_6)
FN:81,(anonymous_7)
FN:91,(anonymous_8)
FN:110,(anonymous_9)
FN:128,(anonymous_10)
FN:133,(anonymous_11)
FNF:10
FNH:9
FNDA:1,(anonymous_2)
FNDA:8,ContactUsComponent
FNDA:8,(anonymous_4)
FNDA:33,(anonymous_5)
FNDA:8,(anonymous_6)
FNDA:16,(anonymous_7)
FNDA:1,(anonymous_8)
FNDA:1,(anonymous_9)
FNDA:1,(anonymous_10)
FNDA:0,(anonymous_11)
DA:18,1
DA:19,1
DA:20,1
DA:21,1
DA:22,1
DA:29,1
DA:34,8
DA:39,8
DA:44,8
DA:49,8
DA:54,8
DA:60,8
DA:62,8
DA:63,8
DA:64,33
DA:67,8
DA:73,8
DA:75,1
DA:81,1
DA:83,16
DA:91,1
DA:93,1
DA:94,1
DA:95,1
DA:98,1
DA:104,1
DA:105,1
DA:107,1
DA:111,1
DA:112,1
DA:113,1
DA:114,1
DA:115,1
DA:116,1
DA:118,0
DA:119,0
DA:128,1
DA:129,1
DA:130,1
DA:131,1
DA:132,1
DA:133,1
DA:134,0
DA:136,1
DA:138,1
DA:139,1
DA:144,1
LF:47
LH:44
BRDA:83,0,0,16
BRDA:83,0,1,0
BRDA:84,1,0,0
BRDA:84,1,1,0
BRDA:114,2,0,1
BRDA:114,2,1,0
BRF:6
BRH:2
end_of_record
TN:
SF:C:/Users/tbest/Documents/Varsity/5th Year/Sem 1/COS301/SoftwareSharks/Application Source/ss-imagerec-webapp/src/app/feedback/feedback.component.ts
FN:27,(anonymous_2)
FN:68,FeedbackComponent
FN:87,(anonymous_4)
FN:94,(anonymous_5)
FN:98,(anonymous_6)
FN:115,(anonymous_7)
FNF:6
FNH:4
FNDA:1,(anonymous_2)
FNDA:7,FeedbackComponent
FNDA:5,(anonymous_4)
FNDA:0,(anonymous_5)
FNDA:0,(anonymous_6)
FNDA:1,(anonymous_7)
DA:18,1
DA:19,1
DA:20,1
DA:27,1
DA:32,7
DA:41,7
DA:46,7
DA:51,7
DA:56,7
DA:68,7
DA:69,7
DA:81,7
DA:87,1
DA:94,1
DA:95,0
DA:97,0
DA:99,0
DA:100,0
DA:102,0
DA:104,0
DA:115,1
DA:116,1
DA:119,1
DA:128,1
LF:24
LH:18
BRDA:99,0,0,0
BRDA:99,0,1,0
BRF:2
BRH:0
end_of_record
TN:
SF:C:/Users/tbest/Documents/Varsity/5th Year/Sem 1/COS301/SoftwareSharks/Application Source/ss-imagerec-webapp/src/app/home/home.component.ts
FN:41,(anonymous_2)
FN:46,HomeComponent
FN:51,(anonymous_4)
FNF:3
FNH:3
FNDA:1,(anonymous_2)
FNDA:1,HomeComponent
FNDA:1,(anonymous_4)
DA:32,1
DA:33,1
DA:41,1
DA:46,1
DA:51,1
DA:52,1
DA:53,1
DA:56,1
LF:8
LH:8
BRF:0
BRH:0
end_of_record
TN:
SF:C:/Users/tbest/Documents/Varsity/5th Year/Sem 1/COS301/SoftwareSharks/Application Source/ss-imagerec-webapp/src/app/imageupload/imageupload.component.ts
FN:35,(anonymous_14)
FN:120,ImageuploadComponent
FN:127,(anonymous_16)
FN:129,(anonymous_17)
FN:143,(anonymous_18)
FN:192,(anonymous_19)
FN:209,(anonymous_20)
FN:227,(anonymous_21)
FN:255,(anonymous_22)
FN:259,(anonymous_23)
FN:293,(anonymous_24)
FN:297,(anonymous_25)
FN:301,(anonymous_26)
FN:305,(anonymous_27)
FN:316,(anonymous_28)
FN:341,(anonymous_29)
FN:363,(anonymous_30)
FN:366,(anonymous_31)
FN:373,(anonymous_32)
FN:386,(anonymous_33)
FN:397,(anonymous_34)
FN:402,(anonymous_35)
FN:415,(anonymous_36)
FN:431,(anonymous_37)
FNF:24
FNH:16
FNDA:1,(anonymous_14)
FNDA:12,ImageuploadComponent
FNDA:12,(anonymous_16)
FNDA:42,(anonymous_17)
FNDA:1,(anonymous_18)
FNDA:8,(anonymous_19)
FNDA:3,(anonymous_20)
FNDA:4,(anonymous_21)
FNDA:0,(anonymous_22)
FNDA:0,(anonymous_23)
FNDA:4,(anonymous_24)
FNDA:0,(anonymous_25)
FNDA:3,(anonymous_26)
FNDA:0,(anonymous_27)
FNDA:0,(anonymous_28)
FNDA:3,(anonymous_29)
FNDA:1,(anonymous_30)
FNDA:1,(anonymous_31)
FNDA:0,(anonymous_32)
FNDA:1,(anonymous_33)
FNDA:1,(anonymous_34)
FNDA:2,(anonymous_35)
FNDA:0,(anonymous_36)
FNDA:0,(anonymous_37)
DA:24,1
DA:25,1
DA:26,1
DA:27,1
DA:35,1
DA:40,12
DA:45,12
DA:50,12
DA:55,12
DA:56,12
DA:57,12
DA:58,12
DA:63,12
DA:68,12
DA:73,12
DA:78,12
DA:83,12
DA:94,12
DA:99,12
DA:104,12
DA:109,12
DA:114,12
DA:120,12
DA:127,12
DA:128,12
DA:129,12
DA:130,42
DA:131,0
DA:132,0
DA:133,0
DA:143,1
DA:144,1
DA:145,1
DA:147,1
DA:148,1
DA:149,1
DA:150,1
DA:152,1
DA:153,1
DA:156,1
DA:157,1
DA:158,1
DA:159,1
DA:161,1
DA:163,1
DA:164,1
DA:165,1
DA:167,0
DA:168,0
DA:169,0
DA:170,0
DA:171,0
DA:172,0
DA:174,0
DA:175,0
DA:176,0
DA:177,0
DA:179,0
DA:180,0
DA:182,0
DA:183,0
DA:184,0
DA:185,0
DA:192,1
DA:193,8
DA:194,4
DA:196,4
DA:197,1
DA:199,3
DA:209,1
DA:210,3
DA:211,1
DA:213,2
DA:214,1
DA:216,1
DA:217,1
DA:227,1
DA:228,4
DA:229,4
DA:230,4
DA:231,4
DA:233,4
DA:234,8
DA:237,4
DA:238,4
DA:241,4
DA:242,4
DA:243,4
DA:244,4
DA:247,4
DA:248,4
DA:249,4
DA:250,4
DA:251,4
DA:252,4
DA:253,4
DA:254,4
DA:255,4
DA:256,0
DA:257,0
DA:259,4
DA:260,0
DA:261,0
DA:264,4
DA:267,4
DA:268,4
DA:269,4
DA:272,4
DA:274,4
DA:276,3
DA:277,3
DA:278,3
DA:279,3
DA:280,3
DA:282,3
DA:283,3
DA:293,1
DA:294,4
DA:295,4
DA:296,4
DA:298,0
DA:299,0
DA:302,3
DA:305,3
DA:306,0
DA:307,0
DA:308,0
DA:309,0
DA:310,0
DA:311,0
DA:312,0
DA:316,3
DA:317,0
DA:318,0
DA:319,0
DA:320,0
DA:321,0
DA:322,0
DA:323,0
DA:325,0
DA:326,0
DA:333,3
DA:341,1
DA:342,3
DA:343,3
DA:344,3
DA:346,3
DA:347,3
DA:349,3
DA:363,1
DA:366,1
DA:367,1
DA:368,1
DA:371,1
DA:372,1
DA:374,0
DA:375,0
DA:376,0
DA:377,0
DA:378,0
DA:380,0
DA:383,0
DA:384,0
DA:387,1
DA:388,1
DA:397,1
DA:398,1
DA:399,1
DA:400,1
DA:401,1
DA:402,1
DA:403,2
DA:404,0
DA:405,0
DA:406,0
DA:415,1
DA:416,0
DA:418,0
DA:419,0
DA:422,0
DA:423,0
DA:425,0
DA:431,1
DA:432,0
DA:433,0
DA:436,1
LF:186
LH:126
BRDA:130,0,0,0
BRDA:130,0,1,42
BRDA:156,1,0,1
BRDA:156,1,1,0
BRDA:193,2,0,4
BRDA:193,2,1,4
BRDA:196,3,0,1
BRDA:196,3,1,3
BRDA:210,4,0,1
BRDA:210,4,1,2
BRDA:213,5,0,1
BRDA:213,5,1,1
BRDA:216,6,0,1
BRDA:216,6,1,0
BRDA:306,7,0,0
BRDA:306,7,1,0
BRDA:319,8,0,0
BRDA:319,8,1,0
BRDA:319,9,0,0
BRDA:319,9,1,0
BRDA:377,10,0,0
BRDA:377,10,1,0
BRDA:403,11,0,0
BRDA:403,11,1,2
BRF:24
BRH:12
end_of_record
TN:
SF:C:/Users/tbest/Documents/Varsity/5th Year/Sem 1/COS301/SoftwareSharks/Application Source/ss-imagerec-webapp/src/app/model/model-loader.service.ts
FN:27,(anonymous_14)
FN:76,ModelLoaderService
FN:88,(anonymous_16)
FN:107,(anonymous_19)
FN:121,(anonymous_20)
FN:136,(anonymous_21)
FN:137,(anonymous_24)
FN:159,(anonymous_25)
FN:175,(anonymous_26)
FN:210,(anonymous_27)
FN:211,(anonymous_28)
FN:220,(anonymous_29)
FN:229,(anonymous_30)
FN:230,(anonymous_31)
FNF:14
FNH:11
FNDA:1,(anonymous_14)
FNDA:21,ModelLoaderService
FNDA:15,(anonymous_16)
FNDA:81,(anonymous_19)
FNDA:4,(anonymous_20)
FNDA:4,(anonymous_21)
FNDA:4,(anonymous_24)
FNDA:0,(anonymous_25)
FNDA:2,(anonymous_26)
FNDA:1,(anonymous_27)
FNDA:0,(anonymous_28)
FNDA:2,(anonymous_29)
FNDA:1,(anonymous_30)
FNDA:0,(anonymous_31)
DA:21,1
DA:22,1
DA:27,1
DA:32,21
DA:39,21
DA:66,21
DA:71,21
DA:77,21
DA:78,0
DA:80,21
DA:88,1
DA:89,15
DA:90,0
DA:93,15
DA:95,0
DA:96,0
DA:98,0
DA:107,1
DA:108,81
DA:109,81
DA:110,81
DA:112,0
DA:121,1
DA:122,4
DA:123,2
DA:124,2
DA:127,2
DA:128,2
DA:136,1
DA:137,4
DA:138,4
DA:139,0
DA:141,0
DA:142,0
DA:143,0
DA:144,0
DA:145,0
DA:148,0
DA:150,0
DA:159,1
DA:160,0
DA:161,0
DA:162,0
DA:163,0
DA:164,0
DA:165,0
DA:175,1
DA:176,2
DA:177,2
DA:178,2
DA:179,2
DA:180,2
DA:182,2
DA:184,0
DA:186,0
DA:187,0
DA:188,0
DA:191,0
DA:192,0
DA:193,0
DA:194,0
DA:195,0
DA:196,0
DA:197,0
DA:202,2
DA:203,2
DA:204,2
DA:210,1
DA:211,1
DA:212,0
DA:220,1
DA:221,2
DA:229,1
DA:230,1
DA:231,0
DA:232,0
DA:234,0
DA:235,0
DA:240,1
LF:79
LH:43
BRDA:77,0,0,0
BRDA:77,0,1,21
BRDA:109,1,0,81
BRDA:109,1,1,0
BRDA:122,2,0,2
BRDA:122,2,1,2
BRDA:184,3,0,0
BRDA:184,3,1,0
BRDA:196,4,0,0
BRDA:196,4,1,0
BRDA:234,5,0,0
BRDA:234,5,1,0
BRF:12
BRH:4
end_of_record
TN:
SF:C:/Users/tbest/Documents/Varsity/5th Year/Sem 1/COS301/SoftwareSharks/Application Source/ss-imagerec-webapp/src/app/quotebuilder/quote-builder.service.ts
FN:7,(anonymous_2)
FN:22,QuoteBuilderService
FN:29,(anonymous_4)
FN:41,(anonymous_5)
FN:48,(anonymous_6)
FN:55,(anonymous_7)
FNF:6
FNH:6
FNDA:1,(anonymous_2)
FNDA:14,QuoteBuilderService
FNDA:3,(anonymous_4)
FNDA:1,(anonymous_5)
FNDA:34,(anonymous_6)
FNDA:2,(anonymous_7)
DA:1,1
DA:7,1
DA:12,14
DA:17,14
DA:29,1
DA:30,3
DA:34,3
DA:35,3
DA:41,1
DA:42,1
DA:48,1
DA:49,34
DA:55,1
DA:56,2
DA:58,1
LF:15
LH:15
BRF:0
BRH:0
end_of_record
TN:
SF:C:/Users/tbest/Documents/Varsity/5th Year/Sem 1/COS301/SoftwareSharks/Application Source/ss-imagerec-webapp/src/app/quotebuilder/quote-dialog.component.ts
FN:29,(anonymous_4)
FN:47,QuoteDialogComponent
FN:55,(anonymous_6)
FN:68,(anonymous_7)
FN:84,(anonymous_8)
FN:93,(anonymous_9)
FNF:6
FNH:1
FNDA:1,(anonymous_4)
FNDA:0,QuoteDialogComponent
FNDA:0,(anonymous_6)
FNDA:0,(anonymous_7)
FNDA:0,(anonymous_8)
FNDA:0,(anonymous_9)
DA:18,1
DA:19,1
DA:20,1
DA:21,1
DA:22,1
DA:29,1
DA:47,0
DA:48,0
DA:49,0
DA:55,1
DA:56,0
DA:68,1
DA:69,0
DA:71,0
DA:73,0
DA:75,0
DA:77,0
DA:84,1
DA:85,0
DA:93,1
DA:94,0
DA:97,1
LF:22
LH:11
BRF:0
BRH:0
end_of_record
TN:
SF:C:/Users/tbest/Documents/Varsity/5th Year/Sem 1/COS301/SoftwareSharks/Application Source/ss-imagerec-webapp/src/app/utilities/utilities.component.ts
FN:25,(anonymous_2)
FN:73,UtilitiesComponent
FN:54,(anonymous_4)
FN:78,(anonymous_5)
FNF:4
FNH:4
FNDA:1,(anonymous_2)
FNDA:5,UtilitiesComponent
FNDA:14,(anonymous_4)
FNDA:5,(anonymous_5)
DA:18,1
DA:25,1
DA:33,5
DA:38,5
DA:43,5
DA:52,5
DA:54,5
DA:55,14
DA:56,1
DA:59,13
DA:60,1
DA:63,12
DA:64,1
DA:67,11
DA:73,5
DA:78,1
DA:81,1
LF:17
LH:17
BRDA:55,0,0,1
BRDA:55,0,1,13
BRDA:59,1,0,1
BRDA:59,1,1,12
BRDA:59,2,0,13
BRDA:59,2,1,13
BRDA:59,2,2,13
BRDA:63,3,0,1
BRDA:63,3,1,11
BRDA:63,4,0,12
BRDA:63,4,1,12
BRDA:63,4,2,12
BRF:12
BRH:12
end_of_record
